  Button.cpp
C:\Users\Nazazer\Documents\OOP\Kursovaia_4_sem\SFML_Ded\Button.cpp(51,72): warning C4244: инициализация: преобразование "int" в "float", возможна потеря данных
C:\Users\Nazazer\Documents\OOP\Kursovaia_4_sem\SFML_Ded\Button.cpp(92,112): warning C4244: аргумент: преобразование "double" в "T", возможна потеря данных
          with
          [
              T=float
          ]
  Caretaker.cpp
C:\Users\Nazazer\Documents\OOP\Kursovaia_4_sem\SFML_Ded\Caretaker.cpp(79,21): warning C4244: =: преобразование "float" в "unsigned int", возможна потеря данных
C:\Users\Nazazer\Documents\OOP\Kursovaia_4_sem\SFML_Ded\Caretaker.cpp(79,14): warning C4244: =: преобразование "unsigned int" в "float", возможна потеря данных
  Circle.cpp
  Composite.cpp
  FPSCounter.cpp
C:\Users\Nazazer\Documents\OOP\Kursovaia_4_sem\SFML_Ded\FPSCounter.cpp(26,26): warning C4244: =: преобразование "float" в "int", возможна потеря данных
  Figure_handler.cpp
C:\Users\Nazazer\Documents\OOP\Kursovaia_4_sem\SFML_Ded\Figure_handler.cpp(20,86): warning C4305: аргумент: усечение из "double" в "T"
          with
          [
              T=float
          ]
  GUI.cpp
  Rectangle.cpp
C:\Users\Nazazer\Documents\OOP\Kursovaia_4_sem\SFML_Ded\Rectangle.cpp(4,5): warning C4356: Figure::_id: статические данные-член не могут быть инициализированы в производном классе
  Sign.cpp
  Slider.cpp
  Snowflake.cpp
C:\Users\Nazazer\Documents\OOP\Kursovaia_4_sem\SFML_Ded\Snowflake.cpp(17,15): warning C4244: =: преобразование "int" в "float", возможна потеря данных
C:\Users\Nazazer\Documents\OOP\Kursovaia_4_sem\SFML_Ded\Snowflake.cpp(18,11): warning C4244: =: преобразование "int" в "float", возможна потеря данных
C:\Users\Nazazer\Documents\OOP\Kursovaia_4_sem\SFML_Ded\Snowflake.cpp(44,55): warning C4244: аргумент: преобразование "int" в "T", возможна потеря данных
          with
          [
              T=float
          ]
C:\Users\Nazazer\Documents\OOP\Kursovaia_4_sem\SFML_Ded\Snowflake.cpp(44,43): warning C4244: аргумент: преобразование "int" в "T", возможна потеря данных
          with
          [
              T=float
          ]
C:\Users\Nazazer\Documents\OOP\Kursovaia_4_sem\SFML_Ded\Snowflake.cpp(51,15): warning C4244: =: преобразование "double" в "float", возможна потеря данных
  Star.cpp
C:\Users\Nazazer\Documents\OOP\Kursovaia_4_sem\SFML_Ded\Star.cpp(15,63): warning C4244: аргумент: преобразование "int" в "T", возможна потеря данных
          with
          [
              T=float
          ]
C:\Users\Nazazer\Documents\OOP\Kursovaia_4_sem\SFML_Ded\Star.cpp(15,44): warning C4244: аргумент: преобразование "int" в "T", возможна потеря данных
          with
          [
              T=float
          ]
  Triangle.cpp
  main.cpp
  Создание кода...
sfml-graphics-s.lib(Transformable.cpp.obj) : error LNK2038: обнаружено несоответствие для "_ITERATOR_DEBUG_LEVEL": значение "0" не соответствует значению "2" в Background.obj
sfml-graphics-s.lib(Transformable.cpp.obj) : error LNK2038: обнаружено несоответствие для "RuntimeLibrary": значение "MD_DynamicRelease" не соответствует значению "MDd_DynamicDebug" в Background.obj
sfml-graphics-s.lib(Shape.cpp.obj) : error LNK2038: обнаружено несоответствие для "_ITERATOR_DEBUG_LEVEL": значение "0" не соответствует значению "2" в Background.obj
sfml-graphics-s.lib(Shape.cpp.obj) : error LNK2038: обнаружено несоответствие для "RuntimeLibrary": значение "MD_DynamicRelease" не соответствует значению "MDd_DynamicDebug" в Background.obj
sfml-graphics-s.lib(RectangleShape.cpp.obj) : error LNK2038: обнаружено несоответствие для "_ITERATOR_DEBUG_LEVEL": значение "0" не соответствует значению "2" в Background.obj
sfml-graphics-s.lib(RectangleShape.cpp.obj) : error LNK2038: обнаружено несоответствие для "RuntimeLibrary": значение "MD_DynamicRelease" не соответствует значению "MDd_DynamicDebug" в Background.obj
sfml-graphics-s.lib(RenderTarget.cpp.obj) : error LNK2038: обнаружено несоответствие для "_ITERATOR_DEBUG_LEVEL": значение "0" не соответствует значению "2" в Background.obj
sfml-graphics-s.lib(RenderTarget.cpp.obj) : error LNK2038: обнаружено несоответствие для "RuntimeLibrary": значение "MD_DynamicRelease" не соответствует значению "MDd_DynamicDebug" в Background.obj
sfml-graphics-s.lib(RenderStates.cpp.obj) : error LNK2038: обнаружено несоответствие для "_ITERATOR_DEBUG_LEVEL": значение "0" не соответствует значению "2" в Background.obj
sfml-graphics-s.lib(RenderStates.cpp.obj) : error LNK2038: обнаружено несоответствие для "RuntimeLibrary": значение "MD_DynamicRelease" не соответствует значению "MDd_DynamicDebug" в Background.obj
sfml-graphics-s.lib(Transform.cpp.obj) : error LNK2038: обнаружено несоответствие для "_ITERATOR_DEBUG_LEVEL": значение "0" не соответствует значению "2" в Background.obj
sfml-graphics-s.lib(Transform.cpp.obj) : error LNK2038: обнаружено несоответствие для "RuntimeLibrary": значение "MD_DynamicRelease" не соответствует значению "MDd_DynamicDebug" в Background.obj
sfml-graphics-s.lib(Color.cpp.obj) : error LNK2038: обнаружено несоответствие для "_ITERATOR_DEBUG_LEVEL": значение "0" не соответствует значению "2" в Background.obj
sfml-graphics-s.lib(Color.cpp.obj) : error LNK2038: обнаружено несоответствие для "RuntimeLibrary": значение "MD_DynamicRelease" не соответствует значению "MDd_DynamicDebug" в Background.obj
sfml-graphics-s.lib(Font.cpp.obj) : error LNK2038: обнаружено несоответствие для "_ITERATOR_DEBUG_LEVEL": значение "0" не соответствует значению "2" в Background.obj
sfml-graphics-s.lib(Font.cpp.obj) : error LNK2038: обнаружено несоответствие для "RuntimeLibrary": значение "MD_DynamicRelease" не соответствует значению "MDd_DynamicDebug" в Background.obj
sfml-graphics-s.lib(Text.cpp.obj) : error LNK2038: обнаружено несоответствие для "_ITERATOR_DEBUG_LEVEL": значение "0" не соответствует значению "2" в Background.obj
sfml-graphics-s.lib(Text.cpp.obj) : error LNK2038: обнаружено несоответствие для "RuntimeLibrary": значение "MD_DynamicRelease" не соответствует значению "MDd_DynamicDebug" в Background.obj
sfml-graphics-s.lib(VertexArray.cpp.obj) : error LNK2038: обнаружено несоответствие для "_ITERATOR_DEBUG_LEVEL": значение "0" не соответствует значению "2" в Background.obj
sfml-graphics-s.lib(VertexArray.cpp.obj) : error LNK2038: обнаружено несоответствие для "RuntimeLibrary": значение "MD_DynamicRelease" не соответствует значению "MDd_DynamicDebug" в Background.obj
sfml-graphics-s.lib(CircleShape.cpp.obj) : error LNK2038: обнаружено несоответствие для "_ITERATOR_DEBUG_LEVEL": значение "0" не соответствует значению "2" в Background.obj
sfml-graphics-s.lib(CircleShape.cpp.obj) : error LNK2038: обнаружено несоответствие для "RuntimeLibrary": значение "MD_DynamicRelease" не соответствует значению "MDd_DynamicDebug" в Background.obj
sfml-graphics-s.lib(RenderWindow.cpp.obj) : error LNK2038: обнаружено несоответствие для "_ITERATOR_DEBUG_LEVEL": значение "0" не соответствует значению "2" в Background.obj
sfml-graphics-s.lib(RenderWindow.cpp.obj) : error LNK2038: обнаружено несоответствие для "RuntimeLibrary": значение "MD_DynamicRelease" не соответствует значению "MDd_DynamicDebug" в Background.obj
sfml-graphics-s.lib(ConvexShape.cpp.obj) : error LNK2038: обнаружено несоответствие для "_ITERATOR_DEBUG_LEVEL": значение "0" не соответствует значению "2" в Background.obj
sfml-graphics-s.lib(ConvexShape.cpp.obj) : error LNK2038: обнаружено несоответствие для "RuntimeLibrary": значение "MD_DynamicRelease" не соответствует значению "MDd_DynamicDebug" в Background.obj
sfml-graphics-s.lib(Texture.cpp.obj) : error LNK2038: обнаружено несоответствие для "_ITERATOR_DEBUG_LEVEL": значение "0" не соответствует значению "2" в Background.obj
sfml-graphics-s.lib(Texture.cpp.obj) : error LNK2038: обнаружено несоответствие для "RuntimeLibrary": значение "MD_DynamicRelease" не соответствует значению "MDd_DynamicDebug" в Background.obj
sfml-graphics-s.lib(View.cpp.obj) : error LNK2038: обнаружено несоответствие для "_ITERATOR_DEBUG_LEVEL": значение "0" не соответствует значению "2" в Background.obj
sfml-graphics-s.lib(View.cpp.obj) : error LNK2038: обнаружено несоответствие для "RuntimeLibrary": значение "MD_DynamicRelease" не соответствует значению "MDd_DynamicDebug" в Background.obj
sfml-graphics-s.lib(Shader.cpp.obj) : error LNK2038: обнаружено несоответствие для "_ITERATOR_DEBUG_LEVEL": значение "0" не соответствует значению "2" в Background.obj
sfml-graphics-s.lib(Shader.cpp.obj) : error LNK2038: обнаружено несоответствие для "RuntimeLibrary": значение "MD_DynamicRelease" не соответствует значению "MDd_DynamicDebug" в Background.obj
sfml-graphics-s.lib(VertexBuffer.cpp.obj) : error LNK2038: обнаружено несоответствие для "_ITERATOR_DEBUG_LEVEL": значение "0" не соответствует значению "2" в Background.obj
sfml-graphics-s.lib(VertexBuffer.cpp.obj) : error LNK2038: обнаружено несоответствие для "RuntimeLibrary": значение "MD_DynamicRelease" не соответствует значению "MDd_DynamicDebug" в Background.obj
sfml-graphics-s.lib(GLExtensions.cpp.obj) : error LNK2038: обнаружено несоответствие для "_ITERATOR_DEBUG_LEVEL": значение "0" не соответствует значению "2" в Background.obj
sfml-graphics-s.lib(GLExtensions.cpp.obj) : error LNK2038: обнаружено несоответствие для "RuntimeLibrary": значение "MD_DynamicRelease" не соответствует значению "MDd_DynamicDebug" в Background.obj
sfml-graphics-s.lib(Image.cpp.obj) : error LNK2038: обнаружено несоответствие для "_ITERATOR_DEBUG_LEVEL": значение "0" не соответствует значению "2" в Background.obj
sfml-graphics-s.lib(Image.cpp.obj) : error LNK2038: обнаружено несоответствие для "RuntimeLibrary": значение "MD_DynamicRelease" не соответствует значению "MDd_DynamicDebug" в Background.obj
sfml-graphics-s.lib(RenderTextureImplFBO.cpp.obj) : error LNK2038: обнаружено несоответствие для "_ITERATOR_DEBUG_LEVEL": значение "0" не соответствует значению "2" в Background.obj
sfml-graphics-s.lib(RenderTextureImplFBO.cpp.obj) : error LNK2038: обнаружено несоответствие для "RuntimeLibrary": значение "MD_DynamicRelease" не соответствует значению "MDd_DynamicDebug" в Background.obj
sfml-graphics-s.lib(Glsl.cpp.obj) : error LNK2038: обнаружено несоответствие для "_ITERATOR_DEBUG_LEVEL": значение "0" не соответствует значению "2" в Background.obj
sfml-graphics-s.lib(Glsl.cpp.obj) : error LNK2038: обнаружено несоответствие для "RuntimeLibrary": значение "MD_DynamicRelease" не соответствует значению "MDd_DynamicDebug" в Background.obj
sfml-graphics-s.lib(ImageLoader.cpp.obj) : error LNK2038: обнаружено несоответствие для "_ITERATOR_DEBUG_LEVEL": значение "0" не соответствует значению "2" в Background.obj
sfml-graphics-s.lib(ImageLoader.cpp.obj) : error LNK2038: обнаружено несоответствие для "RuntimeLibrary": значение "MD_DynamicRelease" не соответствует значению "MDd_DynamicDebug" в Background.obj
sfml-window-s.lib(Mouse.cpp.obj) : error LNK2038: обнаружено несоответствие для "_ITERATOR_DEBUG_LEVEL": значение "0" не соответствует значению "2" в Background.obj
sfml-window-s.lib(Mouse.cpp.obj) : error LNK2038: обнаружено несоответствие для "RuntimeLibrary": значение "MD_DynamicRelease" не соответствует значению "MDd_DynamicDebug" в Background.obj
sfml-window-s.lib(VideoMode.cpp.obj) : error LNK2038: обнаружено несоответствие для "_ITERATOR_DEBUG_LEVEL": значение "0" не соответствует значению "2" в Background.obj
sfml-window-s.lib(VideoMode.cpp.obj) : error LNK2038: обнаружено несоответствие для "RuntimeLibrary": значение "MD_DynamicRelease" не соответствует значению "MDd_DynamicDebug" в Background.obj
sfml-window-s.lib(Window.cpp.obj) : error LNK2038: обнаружено несоответствие для "_ITERATOR_DEBUG_LEVEL": значение "0" не соответствует значению "2" в Background.obj
sfml-window-s.lib(Window.cpp.obj) : error LNK2038: обнаружено несоответствие для "RuntimeLibrary": значение "MD_DynamicRelease" не соответствует значению "MDd_DynamicDebug" в Background.obj
sfml-window-s.lib(InputImpl.cpp.obj) : error LNK2038: обнаружено несоответствие для "_ITERATOR_DEBUG_LEVEL": значение "0" не соответствует значению "2" в Background.obj
sfml-window-s.lib(InputImpl.cpp.obj) : error LNK2038: обнаружено несоответствие для "RuntimeLibrary": значение "MD_DynamicRelease" не соответствует значению "MDd_DynamicDebug" в Background.obj
sfml-window-s.lib(VideoModeImpl.cpp.obj) : error LNK2038: обнаружено несоответствие для "_ITERATOR_DEBUG_LEVEL": значение "0" не соответствует значению "2" в Background.obj
sfml-window-s.lib(VideoModeImpl.cpp.obj) : error LNK2038: обнаружено несоответствие для "RuntimeLibrary": значение "MD_DynamicRelease" не соответствует значению "MDd_DynamicDebug" в Background.obj
sfml-window-s.lib(GlContext.cpp.obj) : error LNK2038: обнаружено несоответствие для "_ITERATOR_DEBUG_LEVEL": значение "0" не соответствует значению "2" в Background.obj
sfml-window-s.lib(GlContext.cpp.obj) : error LNK2038: обнаружено несоответствие для "RuntimeLibrary": значение "MD_DynamicRelease" не соответствует значению "MDd_DynamicDebug" в Background.obj
sfml-window-s.lib(WindowImpl.cpp.obj) : error LNK2038: обнаружено несоответствие для "_ITERATOR_DEBUG_LEVEL": значение "0" не соответствует значению "2" в Background.obj
sfml-window-s.lib(WindowImpl.cpp.obj) : error LNK2038: обнаружено несоответствие для "RuntimeLibrary": значение "MD_DynamicRelease" не соответствует значению "MDd_DynamicDebug" в Background.obj
sfml-window-s.lib(CursorImpl.cpp.obj) : error LNK2038: обнаружено несоответствие для "_ITERATOR_DEBUG_LEVEL": значение "0" не соответствует значению "2" в Background.obj
sfml-window-s.lib(CursorImpl.cpp.obj) : error LNK2038: обнаружено несоответствие для "RuntimeLibrary": значение "MD_DynamicRelease" не соответствует значению "MDd_DynamicDebug" в Background.obj
sfml-window-s.lib(WglContext.cpp.obj) : error LNK2038: обнаружено несоответствие для "_ITERATOR_DEBUG_LEVEL": значение "0" не соответствует значению "2" в Background.obj
sfml-window-s.lib(WglContext.cpp.obj) : error LNK2038: обнаружено несоответствие для "RuntimeLibrary": значение "MD_DynamicRelease" не соответствует значению "MDd_DynamicDebug" в Background.obj
sfml-window-s.lib(JoystickManager.cpp.obj) : error LNK2038: обнаружено несоответствие для "_ITERATOR_DEBUG_LEVEL": значение "0" не соответствует значению "2" в Background.obj
sfml-window-s.lib(JoystickManager.cpp.obj) : error LNK2038: обнаружено несоответствие для "RuntimeLibrary": значение "MD_DynamicRelease" не соответствует значению "MDd_DynamicDebug" в Background.obj
sfml-window-s.lib(SensorManager.cpp.obj) : error LNK2038: обнаружено несоответствие для "_ITERATOR_DEBUG_LEVEL": значение "0" не соответствует значению "2" в Background.obj
sfml-window-s.lib(SensorManager.cpp.obj) : error LNK2038: обнаружено несоответствие для "RuntimeLibrary": значение "MD_DynamicRelease" не соответствует значению "MDd_DynamicDebug" в Background.obj
sfml-window-s.lib(WindowImplWin32.cpp.obj) : error LNK2038: обнаружено несоответствие для "_ITERATOR_DEBUG_LEVEL": значение "0" не соответствует значению "2" в Background.obj
sfml-window-s.lib(WindowImplWin32.cpp.obj) : error LNK2038: обнаружено несоответствие для "RuntimeLibrary": значение "MD_DynamicRelease" не соответствует значению "MDd_DynamicDebug" в Background.obj
sfml-window-s.lib(WglExtensions.cpp.obj) : error LNK2038: обнаружено несоответствие для "_ITERATOR_DEBUG_LEVEL": значение "0" не соответствует значению "2" в Background.obj
sfml-window-s.lib(WglExtensions.cpp.obj) : error LNK2038: обнаружено несоответствие для "RuntimeLibrary": значение "MD_DynamicRelease" не соответствует значению "MDd_DynamicDebug" в Background.obj
sfml-window-s.lib(Joystick.cpp.obj) : error LNK2038: обнаружено несоответствие для "_ITERATOR_DEBUG_LEVEL": значение "0" не соответствует значению "2" в Background.obj
sfml-window-s.lib(Joystick.cpp.obj) : error LNK2038: обнаружено несоответствие для "RuntimeLibrary": значение "MD_DynamicRelease" не соответствует значению "MDd_DynamicDebug" в Background.obj
sfml-window-s.lib(JoystickImpl.cpp.obj) : error LNK2038: обнаружено несоответствие для "_ITERATOR_DEBUG_LEVEL": значение "0" не соответствует значению "2" в Background.obj
sfml-window-s.lib(JoystickImpl.cpp.obj) : error LNK2038: обнаружено несоответствие для "RuntimeLibrary": значение "MD_DynamicRelease" не соответствует значению "MDd_DynamicDebug" в Background.obj
sfml-system-s.lib(String.cpp.obj) : error LNK2038: обнаружено несоответствие для "_ITERATOR_DEBUG_LEVEL": значение "0" не соответствует значению "2" в Background.obj
sfml-system-s.lib(String.cpp.obj) : error LNK2038: обнаружено несоответствие для "RuntimeLibrary": значение "MD_DynamicRelease" не соответствует значению "MDd_DynamicDebug" в Background.obj
sfml-system-s.lib(Err.cpp.obj) : error LNK2038: обнаружено несоответствие для "_ITERATOR_DEBUG_LEVEL": значение "0" не соответствует значению "2" в Background.obj
sfml-system-s.lib(Err.cpp.obj) : error LNK2038: обнаружено несоответствие для "RuntimeLibrary": значение "MD_DynamicRelease" не соответствует значению "MDd_DynamicDebug" в Background.obj
LINK : warning LNK4098: библиотека по умолчанию "MSVCRT" конфликтует с использованием других библиотек; используйте /NODEFAULTLIB:library
C:\Users\Nazazer\Documents\OOP\Kursovaia_4_sem\x64\Debug\SFML_Ded.exe : fatal error LNK1319: обнаружено несоответствий: 78
